<?xml version="1.0" encoding="UTF-8"?>
<!-- Generated by org.testng.reporters.JUnitReportReporter -->
<testsuite hostname="DESKTOP-2UAKPPA" failures="0" tests="4" name="testCases.SubmitOrderTest1" time="35.151" errors="0" timestamp="2024-03-03T09:08:21 IST" skipped="0">
  <testcase classname="testCases.SubmitOrderTest1" name="submitNewOrder" time="9.479"/>
  <system-out/>
  <testcase classname="testCases.SubmitOrderTest1" name="submitOrder" time="10.295"/>
  <system-out/>
  <testcase classname="testCases.SubmitOrderTest1" name="OrderHistoryTest" time="6.170"/>
  <system-out/>
  <testcase classname="testCases.SubmitOrderTest1" name="submitNewOrder" time="9.207"/>
  <system-out/>
</testsuite> <!-- testCases.SubmitOrderTest1 -->
