<?xml version="1.0" encoding="UTF-8"?>
<!-- Generated by org.testng.reporters.JUnitReportReporter -->
<testsuite hostname="DESKTOP-2UAKPPA" failures="0" tests="1" name="cucumber.TestNGTestRunner" time="11.782" errors="0" timestamp="2024-03-31T11:31:34 IST" skipped="0">
  <testcase classname="cucumber.TestNGTestRunner" name="runScenario" time="11.782"/>
</testsuite> <!-- cucumber.TestNGTestRunner -->
