<?xml version="1.0" encoding="UTF-8"?>
<!-- Generated by org.testng.reporters.JUnitReportReporter -->
<testsuite hostname="DESKTOP-2UAKPPA" failures="0" tests="4" name="testCases.SubmitOrderTest1" time="31.247" errors="0" timestamp="2024-03-05T09:25:31 IST" skipped="0">
  <testcase classname="testCases.SubmitOrderTest1" name="submitOrder" time="8.990"/>
  <testcase classname="testCases.SubmitOrderTest1" name="OrderHistoryTest" time="4.797"/>
  <testcase classname="testCases.SubmitOrderTest1" name="submitNewOrder" time="8.692"/>
  <testcase classname="testCases.SubmitOrderTest1" name="submitNewOrder" time="8.768"/>
</testsuite> <!-- testCases.SubmitOrderTest1 -->
