<?xml version="1.0" encoding="UTF-8"?>
<!-- Generated by org.testng.reporters.JUnitReportReporter -->
<testsuite hostname="DESKTOP-2UAKPPA" failures="0" tests="1" name="testCases.ErrorValidations" time="4.760" errors="0" timestamp="2024-03-05T09:25:31 IST" skipped="0">
  <testcase classname="testCases.ErrorValidations" name="submitOrder" time="4.760"/>
</testsuite> <!-- testCases.ErrorValidations -->
